645  [main] INFO  c.j.p.executor.InitExecution - Init execution with parameters = %s
328  [main] INFO  c.j.p.executor.InitExecution - Init execution with parameters = %s %s
641  [main] INFO  c.j.p.executor.InitExecution - Init execution with parameters = [D:\fotos] 
332  [main] INFO  c.j.p.executor.InitExecution - Init execution with parameters = [D:\fotos] ovo
778  [main] INFO  c.j.p.executor.InitExecution - Init execution with parameters = [/Users/joaogabriel/Pictures/teste-photorganizer] ovo
7764 [main] INFO  c.j.p.executor.InitExecution - Init execution with parameters = [/Users/joaogabriel/Pictures/teste-photorganizer] ovo
879  [main] INFO  c.j.p.executor.InitExecution - Init execution with parameters = [/Users/joaogabriel/Pictures/teste-photorganizer] ovo
916  [main] INFO  c.j.p.photo.PhotoAnalyzer - no exif for file /Users/joaogabriel/Pictures/teste-photorganizer/RAFAELA001.jpg
1023 [main] INFO  c.j.p.photo.PhotoAnalyzer - no exif for file /Users/joaogabriel/Pictures/teste-photorganizer/RAFAELA004.jpg
1024 [main] INFO  c.j.p.photo.PhotoAnalyzer - no exif for file /Users/joaogabriel/Pictures/teste-photorganizer/RAFAELA006.jpg
1025 [main] INFO  c.j.p.photo.PhotoAnalyzer - no exif for file /Users/joaogabriel/Pictures/teste-photorganizer/RAFAELA010.jpg
1026 [main] INFO  c.j.p.photo.PhotoAnalyzer - no exif for file /Users/joaogabriel/Pictures/teste-photorganizer/RAFAELA015b.jpg
1027 [main] INFO  c.j.p.photo.PhotoAnalyzer - no exif for file /Users/joaogabriel/Pictures/teste-photorganizer/RAFAELA016.jpg
1028 [main] INFO  c.j.p.photo.PhotoAnalyzer - no exif for file /Users/joaogabriel/Pictures/teste-photorganizer/RAFAELA017.jpg
1029 [main] INFO  c.j.p.photo.PhotoAnalyzer - no exif for file /Users/joaogabriel/Pictures/teste-photorganizer/RAFAELA018.jpg
1031 [main] INFO  c.j.p.photo.PhotoAnalyzer - no exif for file /Users/joaogabriel/Pictures/teste-photorganizer/RAFAELA019.jpg
1032 [main] INFO  c.j.p.photo.PhotoAnalyzer - no exif for file /Users/joaogabriel/Pictures/teste-photorganizer/RAFAELA020.jpg
1058 [main] INFO  c.j.p.photo.PhotoAnalyzer - no exif for file /Users/joaogabriel/Pictures/teste-photorganizer/RAFAELA021.jpg
1085 [main] INFO  c.j.p.photo.PhotoAnalyzer - no exif for file /Users/joaogabriel/Pictures/teste-photorganizer/RAFAELA022.jpg
1115 [main] INFO  c.j.p.photo.PhotoAnalyzer - no exif for file /Users/joaogabriel/Pictures/teste-photorganizer/RAFAELA025.jpg
1145 [main] INFO  c.j.p.photo.PhotoAnalyzer - no exif for file /Users/joaogabriel/Pictures/teste-photorganizer/RAFAELA027.jpg
1146 [main] INFO  c.j.p.executor.InitExecution - Finishing execution
774  [main] INFO  c.j.p.executor.InitExecution - Init execution with parameters = [/Users/joaogabriel/Pictures/teste-photorganizer] ovo
805  [main] INFO  c.j.p.photo.PhotoAnalyzer - no exif for file /Users/joaogabriel/Pictures/teste-photorganizer/RAFAELA001.jpg
915  [main] INFO  c.j.p.photo.PhotoAnalyzer - no exif for file /Users/joaogabriel/Pictures/teste-photorganizer/RAFAELA004.jpg
916  [main] INFO  c.j.p.photo.PhotoAnalyzer - no exif for file /Users/joaogabriel/Pictures/teste-photorganizer/RAFAELA006.jpg
917  [main] INFO  c.j.p.photo.PhotoAnalyzer - no exif for file /Users/joaogabriel/Pictures/teste-photorganizer/RAFAELA010.jpg
918  [main] INFO  c.j.p.photo.PhotoAnalyzer - no exif for file /Users/joaogabriel/Pictures/teste-photorganizer/RAFAELA015b.jpg
919  [main] INFO  c.j.p.photo.PhotoAnalyzer - no exif for file /Users/joaogabriel/Pictures/teste-photorganizer/RAFAELA016.jpg
920  [main] INFO  c.j.p.photo.PhotoAnalyzer - no exif for file /Users/joaogabriel/Pictures/teste-photorganizer/RAFAELA017.jpg
921  [main] INFO  c.j.p.photo.PhotoAnalyzer - no exif for file /Users/joaogabriel/Pictures/teste-photorganizer/RAFAELA018.jpg
922  [main] INFO  c.j.p.photo.PhotoAnalyzer - no exif for file /Users/joaogabriel/Pictures/teste-photorganizer/RAFAELA019.jpg
924  [main] INFO  c.j.p.photo.PhotoAnalyzer - no exif for file /Users/joaogabriel/Pictures/teste-photorganizer/RAFAELA020.jpg
924  [main] INFO  c.j.p.photo.PhotoAnalyzer - no exif for file /Users/joaogabriel/Pictures/teste-photorganizer/RAFAELA021.jpg
925  [main] INFO  c.j.p.photo.PhotoAnalyzer - no exif for file /Users/joaogabriel/Pictures/teste-photorganizer/RAFAELA022.jpg
927  [main] INFO  c.j.p.photo.PhotoAnalyzer - no exif for file /Users/joaogabriel/Pictures/teste-photorganizer/RAFAELA025.jpg
928  [main] INFO  c.j.p.photo.PhotoAnalyzer - no exif for file /Users/joaogabriel/Pictures/teste-photorganizer/RAFAELA027.jpg
928  [main] INFO  c.j.p.executor.InitExecution - Finishing execution
584  [main] INFO  c.j.p.executor.InitExecution - Init execution with parameters = [/Users/joaogabriel/Pictures/teste-photorganizer] ovo
616  [main] INFO  c.j.p.directory.DirectoryResolver - Success to create dir true
619  [main] INFO  c.j.p.directory.DirectoryResolver - Success to create dir true
631  [main] INFO  c.j.p.directory.DirectoryResolver - Success to create dir true
1486 [main] INFO  c.j.p.directory.DirectoryResolver - Success to create dir true
1806 [main] INFO  c.j.p.photo.PhotoAnalyzer - no exif for file /Users/joaogabriel/Pictures/teste-photorganizer/RAFAELA001.jpg
1881 [main] INFO  c.j.p.photo.PhotoAnalyzer - no exif for file /Users/joaogabriel/Pictures/teste-photorganizer/RAFAELA004.jpg
1882 [main] INFO  c.j.p.photo.PhotoAnalyzer - no exif for file /Users/joaogabriel/Pictures/teste-photorganizer/RAFAELA006.jpg
1883 [main] INFO  c.j.p.photo.PhotoAnalyzer - no exif for file /Users/joaogabriel/Pictures/teste-photorganizer/RAFAELA010.jpg
1884 [main] INFO  c.j.p.photo.PhotoAnalyzer - no exif for file /Users/joaogabriel/Pictures/teste-photorganizer/RAFAELA015b.jpg
1886 [main] INFO  c.j.p.photo.PhotoAnalyzer - no exif for file /Users/joaogabriel/Pictures/teste-photorganizer/RAFAELA016.jpg
1888 [main] INFO  c.j.p.photo.PhotoAnalyzer - no exif for file /Users/joaogabriel/Pictures/teste-photorganizer/RAFAELA017.jpg
1897 [main] INFO  c.j.p.photo.PhotoAnalyzer - no exif for file /Users/joaogabriel/Pictures/teste-photorganizer/RAFAELA018.jpg
1899 [main] INFO  c.j.p.photo.PhotoAnalyzer - no exif for file /Users/joaogabriel/Pictures/teste-photorganizer/RAFAELA019.jpg
1900 [main] INFO  c.j.p.photo.PhotoAnalyzer - no exif for file /Users/joaogabriel/Pictures/teste-photorganizer/RAFAELA020.jpg
1901 [main] INFO  c.j.p.photo.PhotoAnalyzer - no exif for file /Users/joaogabriel/Pictures/teste-photorganizer/RAFAELA021.jpg
1902 [main] INFO  c.j.p.photo.PhotoAnalyzer - no exif for file /Users/joaogabriel/Pictures/teste-photorganizer/RAFAELA022.jpg
1904 [main] INFO  c.j.p.photo.PhotoAnalyzer - no exif for file /Users/joaogabriel/Pictures/teste-photorganizer/RAFAELA025.jpg
1905 [main] INFO  c.j.p.photo.PhotoAnalyzer - no exif for file /Users/joaogabriel/Pictures/teste-photorganizer/RAFAELA027.jpg
1905 [main] INFO  c.j.p.executor.InitExecution - Finishing execution
786  [main] INFO  c.j.p.executor.InitExecution - Init execution with parameters = [/Users/joaogabriel/Pictures/teste-photorganizer] ovo
791  [main] INFO  c.j.p.executor.InitExecution - Finishing execution
324  [main] INFO  c.j.p.executor.InitExecution - Init execution with parameters = [/Users/joaogabriel/Pictures/teste-photorganizer] ovo
328  [main] INFO  c.j.p.executor.InitExecution - Finishing execution
646  [main] INFO  c.j.p.executor.InitExecution - Init execution with parameters = [/Users/joaogabriel/Pictures/teste-photorganizer] ovo
650  [main] INFO  c.j.p.executor.InitExecution - Finishing execution
330  [main] INFO  c.j.p.executor.InitExecution - Init execution with parameters = [/Users/joaogabriel/Pictures/teste-photorganizer] ovo
334  [main] INFO  c.j.p.executor.InitExecution - Finishing execution
334  [main] INFO  c.j.p.executor.InitExecution - Init execution with parameters = [/Users/joaogabriel/Pictures/teste-photorganizer] ovo
339  [main] INFO  c.j.p.executor.InitExecution - Finishing execution
